<?xml version="1.0" encoding="UTF-8" ?>
<testsuite failures="0" time="0.036" errors="0" skipped="0" tests="1" name="org.jboss.server.nio2.AppTest">
  <properties>
    <property name="java.runtime.name" value="Java(TM) SE Runtime Environment"/>
    <property name="sun.boot.library.path" value="/usr/lib/jvm/java-7-oracle/jre/lib/i386"/>
    <property name="java.vm.version" value="23.7-b01"/>
    <property name="java.vm.vendor" value="Oracle Corporation"/>
    <property name="java.vendor.url" value="http://java.oracle.com/"/>
    <property name="path.separator" value=":"/>
    <property name="java.vm.name" value="Java HotSpot(TM) Server VM"/>
    <property name="file.encoding.pkg" value="sun.io"/>
    <property name="user.country" value="US"/>
    <property name="sun.java.launcher" value="SUN_STANDARD"/>
    <property name="sun.os.patch.level" value="unknown"/>
    <property name="java.vm.specification.name" value="Java Virtual Machine Specification"/>
    <property name="user.dir" value="/data/BeNeFRI/S4_Courses/Workshop/gitrepo/nio2-xnio3-servers"/>
    <property name="java.runtime.version" value="1.7.0_17-b02"/>
    <property name="java.awt.graphicsenv" value="sun.awt.X11GraphicsEnvironment"/>
    <property name="basedir" value="/data/BeNeFRI/S4_Courses/Workshop/gitrepo/nio2-xnio3-servers"/>
    <property name="java.endorsed.dirs" value="/usr/lib/jvm/java-7-oracle/jre/lib/endorsed"/>
    <property name="os.arch" value="i386"/>
    <property name="surefire.real.class.path" value="/tmp/surefirebooter5329845399665010451.jar"/>
    <property name="java.io.tmpdir" value="/tmp"/>
    <property name="line.separator" value="
"/>
    <property name="java.vm.specification.vendor" value="Oracle Corporation"/>
    <property name="os.name" value="Linux"/>
    <property name="sun.jnu.encoding" value="UTF-8"/>
    <property name="java.library.path" value="/usr/java/packages/lib/i386:/lib:/usr/lib"/>
    <property name="surefire.test.class.path" value="/data/BeNeFRI/S4_Courses/Workshop/gitrepo/nio2-xnio3-servers/target/test-classes:/data/BeNeFRI/S4_Courses/Workshop/gitrepo/nio2-xnio3-servers/target/classes:/home/murzo/.m2/repository/org/jboss/xnio/xnio-api/3.0.7.GA/xnio-api-3.0.7.GA.jar:/home/murzo/.m2/repository/org/jboss/xnio/xnio-nio/3.0.7.GA/xnio-nio-3.0.7.GA.jar:/home/murzo/.m2/repository/org/jboss/logging/jboss-logging/3.0.0.GA/jboss-logging-3.0.0.GA.jar:/home/murzo/.m2/repository/org/jboss/netty/netty/3.2.0.Final/netty-3.2.0.Final.jar:/home/murzo/.m2/repository/junit/junit/4.10/junit-4.10.jar:/home/murzo/.m2/repository/org/hamcrest/hamcrest-core/1.1/hamcrest-core-1.1.jar:"/>
    <property name="java.specification.name" value="Java Platform API Specification"/>
    <property name="java.class.version" value="51.0"/>
    <property name="sun.management.compiler" value="HotSpot Tiered Compilers"/>
    <property name="os.version" value="2.6.32-21-generic"/>
    <property name="user.home" value="/home/murzo"/>
    <property name="user.timezone" value=""/>
    <property name="java.awt.printerjob" value="sun.print.PSPrinterJob"/>
    <property name="file.encoding" value="UTF-8"/>
    <property name="java.specification.version" value="1.7"/>
    <property name="user.name" value="murzo"/>
    <property name="java.class.path" value="/data/BeNeFRI/S4_Courses/Workshop/gitrepo/nio2-xnio3-servers/target/test-classes:/data/BeNeFRI/S4_Courses/Workshop/gitrepo/nio2-xnio3-servers/target/classes:/home/murzo/.m2/repository/org/jboss/xnio/xnio-api/3.0.7.GA/xnio-api-3.0.7.GA.jar:/home/murzo/.m2/repository/org/jboss/xnio/xnio-nio/3.0.7.GA/xnio-nio-3.0.7.GA.jar:/home/murzo/.m2/repository/org/jboss/logging/jboss-logging/3.0.0.GA/jboss-logging-3.0.0.GA.jar:/home/murzo/.m2/repository/org/jboss/netty/netty/3.2.0.Final/netty-3.2.0.Final.jar:/home/murzo/.m2/repository/junit/junit/4.10/junit-4.10.jar:/home/murzo/.m2/repository/org/hamcrest/hamcrest-core/1.1/hamcrest-core-1.1.jar:"/>
    <property name="java.vm.specification.version" value="1.7"/>
    <property name="sun.arch.data.model" value="32"/>
    <property name="java.home" value="/usr/lib/jvm/java-7-oracle/jre"/>
    <property name="sun.java.command" value="/tmp/surefirebooter5329845399665010451.jar /tmp/surefire6933272964519265794tmp /tmp/surefire8794635525159077918tmp"/>
    <property name="java.specification.vendor" value="Oracle Corporation"/>
    <property name="user.language" value="en"/>
    <property name="awt.toolkit" value="sun.awt.X11.XToolkit"/>
    <property name="java.vm.info" value="mixed mode"/>
    <property name="java.version" value="1.7.0_17"/>
    <property name="java.ext.dirs" value="/usr/lib/jvm/java-7-oracle/jre/lib/ext:/usr/java/packages/lib/ext"/>
    <property name="sun.boot.class.path" value="/usr/lib/jvm/java-7-oracle/jre/lib/resources.jar:/usr/lib/jvm/java-7-oracle/jre/lib/rt.jar:/usr/lib/jvm/java-7-oracle/jre/lib/sunrsasign.jar:/usr/lib/jvm/java-7-oracle/jre/lib/jsse.jar:/usr/lib/jvm/java-7-oracle/jre/lib/jce.jar:/usr/lib/jvm/java-7-oracle/jre/lib/charsets.jar:/usr/lib/jvm/java-7-oracle/jre/lib/jfr.jar:/usr/lib/jvm/java-7-oracle/jre/classes"/>
    <property name="java.vendor" value="Oracle Corporation"/>
    <property name="localRepository" value="/home/murzo/.m2/repository"/>
    <property name="file.separator" value="/"/>
    <property name="java.vendor.url.bug" value="http://bugreport.sun.com/bugreport/"/>
    <property name="sun.cpu.endian" value="little"/>
    <property name="sun.io.unicode.encoding" value="UnicodeLittle"/>
    <property name="sun.desktop" value="gnome"/>
    <property name="sun.cpu.isalist" value=""/>
  </properties>
  <testcase time="0.003" classname="org.jboss.server.nio2.AppTest" name="testApp"/>
</testsuite>